Removed Pin From Net: NetName=CON1_USB-N Pin=D7-2
Removed Pin From Net: NetName=CON1_USB-P Pin=D8-2
Removed Pin From Net: NetName=CON1_USB-P Pin=J4-A6
Removed Pin From Net: NetName=CON1_USB-N Pin=J4-A7
Removed Pin From Net: NetName=CON1_USB-P Pin=J4-B6
Removed Pin From Net: NetName=CON1_USB-N Pin=J4-B7
Removed Pin From Net: NetName=+5V Pin=R17-2
Change Component Footprint: Designator=U3 Old Footprint=DCY0004A_M New Footprint=DCY0004A_M
Change Component Footprint: Designator=C1 Old Footprint=FP-CL10-0_1-IPC_A New Footprint=FP-CL10-0_1-IPC_A
Change Component Footprint: Designator=C2 Old Footprint=FP-CL10-0_1-IPC_A New Footprint=FP-CL10-0_1-IPC_A
Change Component Footprint: Designator=C3 Old Footprint=FP-CL10-0_1-IPC_A New Footprint=FP-CL10-0_1-IPC_A
Change Component Footprint: Designator=C4 Old Footprint=FP-CL10-0_1-IPC_A New Footprint=FP-CL10-0_1-IPC_A
Change Component Footprint: Designator=C5 Old Footprint=FP-CL10-0_1-IPC_A New Footprint=FP-CL10-0_1-IPC_A
Change Component Footprint: Designator=C6 Old Footprint=FP-CL10-0_1-IPC_A New Footprint=FP-CL10-0_1-IPC_A
Change Component Footprint: Designator=C7 Old Footprint=FP-CL10-0_1-IPC_A New Footprint=FP-CL10-0_1-IPC_A
Change Component Footprint: Designator=C8 Old Footprint=FP-CL10-0_1-IPC_A New Footprint=FP-CL10-0_1-IPC_A
Change Component Footprint: Designator=C9 Old Footprint=FP-CL10-0_1-IPC_A New Footprint=FP-CL10-0_1-IPC_A
Change Component Footprint: Designator=C10 Old Footprint=FP-CL10-0_1-IPC_A New Footprint=FP-CL10-0_1-IPC_A
Change Component Footprint: Designator=C11 Old Footprint=FP-CL10-0_1-IPC_A New Footprint=FP-CL10-0_1-IPC_A
Change Component Footprint: Designator=C12 Old Footprint=FP-CL10-0_1-IPC_A New Footprint=FP-CL10-0_1-IPC_A
Change Component Footprint: Designator=C13 Old Footprint=FP-CL10-0_1-IPC_A New Footprint=FP-CL10-0_1-IPC_A
Change Component Footprint: Designator=C14 Old Footprint=FP-CL10-0_1-IPC_A New Footprint=FP-CL10-0_1-IPC_A
Change Component Footprint: Designator=C15 Old Footprint=FP-CL10-0_1-IPC_A New Footprint=FP-CL10-0_1-IPC_A
Change Component Footprint: Designator=C16 Old Footprint=FP-CL10-0_1-IPC_A New Footprint=FP-CL10-0_1-IPC_A
Change Component Footprint: Designator=C17 Old Footprint=FP-CL10-0_1-IPC_A New Footprint=FP-CL10-0_1-IPC_A
Change Component Footprint: Designator=D1 Old Footprint=FP-LTST-C190GKT-MFG New Footprint=FP-LTST-C190GKT-MFG
Change Component Footprint: Designator=D2 Old Footprint=FP-LTST-C190GKT-MFG New Footprint=FP-LTST-C190GKT-MFG
Change Component Footprint: Designator=SW1 Old Footprint=FP-PTS645SH50SMTR92LFS-MFG New Footprint=FP-PTS645SH50SMTR92LFS-MFG
Change Component Footprint: Designator=SW2 Old Footprint=FP-PTS645SH50SMTR92LFS-MFG New Footprint=FP-PTS645SH50SMTR92LFS-MFG
Change Component Footprint: Designator=U2 Old Footprint=FP-QFN-20-IPC_A New Footprint=FP-QFN-20-IPC_A
Change Component Footprint: Designator=Q1 Old Footprint=FP-SS8050-G-IPC_B New Footprint=FP-SS8050-G-IPC_B
Change Component Footprint: Designator=Q2 Old Footprint=FP-SS8050-G-IPC_B New Footprint=FP-SS8050-G-IPC_B
Change Component Footprint: Designator=R1 Old Footprint=RESC1609X50X30LL8T20 New Footprint=RESC1609X50X30LL8T20
Change Component Footprint: Designator=R2 Old Footprint=RESC1609X50X30LL8T20 New Footprint=RESC1609X50X30LL8T20
Change Component Footprint: Designator=R3 Old Footprint=RESC1609X50X30LL8T20 New Footprint=RESC1609X50X30LL8T20
Change Component Footprint: Designator=R4 Old Footprint=RESC1609X50X30LL8T20 New Footprint=RESC1609X50X30LL8T20
Change Component Footprint: Designator=R5 Old Footprint=RESC1609X50X30LL8T20 New Footprint=RESC1609X50X30LL8T20
Change Component Footprint: Designator=R6 Old Footprint=RESC1609X50X30LL8T20 New Footprint=RESC1609X50X30LL8T20
Change Component Footprint: Designator=R7 Old Footprint=RESC1609X50X30LL8T20 New Footprint=RESC1609X50X30LL8T20
Change Component Footprint: Designator=R8 Old Footprint=RESC1609X50X30LL8T20 New Footprint=RESC1609X50X30LL8T20
Change Component Footprint: Designator=R9 Old Footprint=RESC1609X50X30LL8T20 New Footprint=RESC1609X50X30LL8T20
Change Component Footprint: Designator=R10 Old Footprint=RESC1609X50X30LL8T20 New Footprint=RESC1609X50X30LL8T20
Change Component Footprint: Designator=R11 Old Footprint=RESC1609X50X30LL8T20 New Footprint=RESC1609X50X30LL8T20
Change Component Footprint: Designator=R12 Old Footprint=RESC1609X50X30LL8T20 New Footprint=RESC1609X50X30LL8T20
Change Component Footprint: Designator=R13 Old Footprint=RESC1609X50X30LL8T20 New Footprint=RESC1609X50X30LL8T20
Change Component Footprint: Designator=R14 Old Footprint=RESC1609X50X30LL8T20 New Footprint=RESC1609X50X30LL8T20
Change Component Footprint: Designator=R15 Old Footprint=RESC1609X50X30LL8T20 New Footprint=RESC1609X50X30LL8T20
Change Component Footprint: Designator=R16 Old Footprint=RESC1609X50X30LL8T20 New Footprint=RESC1609X50X30LL8T20
Change Component Footprint: Designator=R17 Old Footprint=RESC1609X50X30LL8T20 New Footprint=RESC1609X50X30LL8T20
Change Component Footprint: Designator=R18 Old Footprint=RESC1609X50X30LL8T20 New Footprint=RESC1609X50X30LL8T20
Change Component Footprint: Designator=R19 Old Footprint=RESC1609X50X30LL8T20 New Footprint=RESC1609X50X30LL8T20
Change Component Footprint: Designator=R20 Old Footprint=RESC1609X50X30LL8T20 New Footprint=RESC1609X50X30LL8T20
Change Component Footprint: Designator=R21 Old Footprint=RESC1609X50X30LL8T20 New Footprint=RESC1609X50X30LL8T20
Change Component Footprint: Designator=R22 Old Footprint=RESC1609X50X30LL8T20 New Footprint=RESC1609X50X30LL8T20
Change Component Footprint: Designator=R23 Old Footprint=RESC1609X50X30LL8T20 New Footprint=RESC1609X50X30LL8T20
Change Component Footprint: Designator=R24 Old Footprint=RESC1609X50X30LL8T20 New Footprint=RESC1609X50X30LL8T20
Change Component Footprint: Designator=R25 Old Footprint=RESC1609X50X30LL8T20 New Footprint=RESC1609X50X30LL8T20
Change Component Footprint: Designator=R26 Old Footprint=RESC1609X50X30LL8T20 New Footprint=RESC1609X50X30LL8T20
Added Pin To Net: NetName=U0RXD Pin=J2-6
Add Pin To Net: Unknown Pin: Pin J3-A1B12
Add Pin To Net: Unknown Pin: Pin J3-A4B9
Add Pin To Net: Unknown Pin: Pin J3-B1A12
Add Pin To Net: Unknown Pin: Pin J3-B4A9
Add Pin To Net: Unknown Pin: Pin J3-S1
Add Pin To Net: Unknown Pin: Pin J3-S2
Add Pin To Net: Unknown Pin: Pin J3-S3
Add Pin To Net: Unknown Pin: Pin J3-S4
Add Pin To Net: Unknown Pin: Pin J4-A1B12
Add Pin To Net: Unknown Pin: Pin J4-A4B9
Add Pin To Net: Unknown Pin: Pin J4-B1A12
Add Pin To Net: Unknown Pin: Pin J4-B4A9
Add Pin To Net: Unknown Pin: Pin J4-S1
Add Pin To Net: Unknown Pin: Pin J4-S2
Add Pin To Net: Unknown Pin: Pin J4-S3
Add Pin To Net: Unknown Pin: Pin J4-S4
Added Pin To Net: NetName=+5V_VBUS1 Pin=R17-2
Added Pin To Net: NetName=DTR_FTDI Pin=U2-18
Added Pin To Net: NetName=RTS_FTDI Pin=U2-19
Change Net Name : Old Net Name=NetR1_2 New Net Name=GPIO0
Added Pin To Net: NetName=BTN_GPIO0 Pin=Q2-3
Added Pin To Net: NetName=BTN_GPIO0 Pin=R2-1
Added Net: Name=BTN_GPIO0
Added Pin To Net: NetName=CHIP _PU Pin=Q1-3
Added Net: Name=CHIP _PU
Added Pin To Net: NetName=CHIP_PU Pin=J2-3
Added Pin To Net: NetName=CHIP_PU Pin=U1-45
Added Net: Name=CHIP_PU
Added Pin To Net: NetName=CON2_USB_N Pin=D7-2
Added Pin To Net: NetName=CON2_USB_N Pin=J4-A7
Added Pin To Net: NetName=CON2_USB_N Pin=J4-B7
Added Pin To Net: NetName=CON2_USB_N Pin=R23-1
Added Net: Name=CON2_USB_N
Added Pin To Net: NetName=CON2_USB_P Pin=D8-2
Added Pin To Net: NetName=CON2_USB_P Pin=J4-A6
Added Pin To Net: NetName=CON2_USB_P Pin=J4-B6
Added Pin To Net: NetName=CON2_USB_P Pin=R24-1
Added Net: Name=CON2_USB_P
Added Pin To Net: NetName=CON_ESP_USB_N Pin=J2-21
Added Pin To Net: NetName=CON_ESP_USB_N Pin=R25-1
Added Net: Name=CON_ESP_USB_N
Added Pin To Net: NetName=CON_ESP_USB_P Pin=J2-20
Added Pin To Net: NetName=CON_ESP_USB_P Pin=R26-1
Added Net: Name=CON_ESP_USB_P
Added Pin To Net: NetName=CON_GPIO0 Pin=J1-3
Added Pin To Net: NetName=CON_GPIO0 Pin=R1-1
Added Net: Name=CON_GPIO0
Added Pin To Net: NetName=GPIO1 Pin=J1-4
Added Pin To Net: NetName=GPIO1 Pin=U1-5
Added Net: Name=GPIO1
Added Pin To Net: NetName=GPIO2 Pin=D2-1
Added Pin To Net: NetName=GPIO2 Pin=J1-5
Added Pin To Net: NetName=GPIO2 Pin=U1-6
Added Net: Name=GPIO2
Added Pin To Net: NetName=GPIO3 Pin=J1-6
Added Pin To Net: NetName=GPIO3 Pin=U1-7
Added Net: Name=GPIO3
Added Pin To Net: NetName=GPIO4 Pin=J1-7
Added Pin To Net: NetName=GPIO4 Pin=U1-8
Added Net: Name=GPIO4
Added Pin To Net: NetName=GPIO5 Pin=J1-8
Added Pin To Net: NetName=GPIO5 Pin=U1-9
Added Net: Name=GPIO5
Added Pin To Net: NetName=GPIO6 Pin=J1-9
Added Pin To Net: NetName=GPIO6 Pin=U1-10
Added Net: Name=GPIO6
Added Pin To Net: NetName=GPIO7 Pin=J1-10
Added Pin To Net: NetName=GPIO7 Pin=U1-11
Added Net: Name=GPIO7
Added Pin To Net: NetName=GPIO8 Pin=J1-11
Added Pin To Net: NetName=GPIO8 Pin=U1-12
Added Net: Name=GPIO8
Added Pin To Net: NetName=GPIO9 Pin=J1-12
Added Pin To Net: NetName=GPIO9 Pin=U1-13
Added Net: Name=GPIO9
Added Pin To Net: NetName=GPIO10 Pin=J1-13
Added Pin To Net: NetName=GPIO10 Pin=U1-14
Added Net: Name=GPIO10
Added Pin To Net: NetName=GPIO11 Pin=J1-14
Added Pin To Net: NetName=GPIO11 Pin=U1-15
Added Net: Name=GPIO11
Added Pin To Net: NetName=GPIO12 Pin=J1-15
Added Pin To Net: NetName=GPIO12 Pin=U1-16
Added Net: Name=GPIO12
Added Pin To Net: NetName=GPIO13 Pin=J1-16
Added Pin To Net: NetName=GPIO13 Pin=U1-17
Added Net: Name=GPIO13
Added Pin To Net: NetName=GPIO14 Pin=J1-17
Added Pin To Net: NetName=GPIO14 Pin=U1-18
Added Net: Name=GPIO14
Added Pin To Net: NetName=GPIO15 Pin=J1-18
Added Pin To Net: NetName=GPIO15 Pin=U1-19
Added Net: Name=GPIO15
Added Pin To Net: NetName=GPIO16 Pin=J1-19
Added Pin To Net: NetName=GPIO16 Pin=U1-20
Added Net: Name=GPIO16
Added Pin To Net: NetName=GPIO17 Pin=J1-20
Added Pin To Net: NetName=GPIO17 Pin=U1-21
Added Net: Name=GPIO17
Added Pin To Net: NetName=GPIO18 Pin=J1-21
Added Pin To Net: NetName=GPIO18 Pin=U1-22
Added Net: Name=GPIO18
Added Pin To Net: NetName=GPIO21 Pin=J2-19
Added Pin To Net: NetName=GPIO21 Pin=U1-25
Added Net: Name=GPIO21
Added Pin To Net: NetName=GPIO26 Pin=J2-18
Added Pin To Net: NetName=GPIO26 Pin=U1-26
Added Net: Name=GPIO26
Added Pin To Net: NetName=GPIO33 Pin=J2-17
Added Pin To Net: NetName=GPIO33 Pin=U1-28
Added Net: Name=GPIO33
Added Pin To Net: NetName=GPIO34 Pin=J2-16
Added Pin To Net: NetName=GPIO34 Pin=U1-29
Added Net: Name=GPIO34
Added Pin To Net: NetName=GPIO35 Pin=J2-15
Added Pin To Net: NetName=GPIO35 Pin=U1-31
Added Net: Name=GPIO35
Added Pin To Net: NetName=GPIO36 Pin=J2-14
Added Pin To Net: NetName=GPIO36 Pin=U1-32
Added Net: Name=GPIO36
Added Pin To Net: NetName=GPIO37 Pin=J2-13
Added Pin To Net: NetName=GPIO37 Pin=U1-33
Added Net: Name=GPIO37
Added Pin To Net: NetName=GPIO38 Pin=J2-12
Added Pin To Net: NetName=GPIO38 Pin=U1-34
Added Net: Name=GPIO38
Added Pin To Net: NetName=GPIO39 Pin=J2-11
Added Pin To Net: NetName=GPIO39 Pin=U1-35
Added Net: Name=GPIO39
Added Pin To Net: NetName=GPIO40 Pin=J2-10
Added Pin To Net: NetName=GPIO40 Pin=U1-36
Added Net: Name=GPIO40
Added Pin To Net: NetName=GPIO41 Pin=J2-9
Added Pin To Net: NetName=GPIO41 Pin=U1-37
Added Net: Name=GPIO41
Added Pin To Net: NetName=GPIO42 Pin=J2-8
Added Pin To Net: NetName=GPIO42 Pin=U1-38
Added Net: Name=GPIO42
Added Pin To Net: NetName=GPIO45 Pin=J2-5
Added Pin To Net: NetName=GPIO45 Pin=U1-41
Added Net: Name=GPIO45
Added Pin To Net: NetName=GPIO46 Pin=J2-4
Added Pin To Net: NetName=GPIO46 Pin=U1-44
Added Net: Name=GPIO46
Added Pin To Net: NetName=GPIO47 Pin=J2-23
Added Pin To Net: NetName=GPIO47 Pin=U1-27
Added Net: Name=GPIO47
Added Pin To Net: NetName=GPIO48 Pin=J2-22
Added Pin To Net: NetName=GPIO48 Pin=U1-30
Added Net: Name=GPIO48
Added Pin To Net: NetName=RXD_FTDI Pin=R21-2
Added Pin To Net: NetName=RXD_FTDI Pin=U2-1
Added Net: Name=RXD_FTDI
Added Pin To Net: NetName=TXD_FTDI Pin=R20-2
Added Pin To Net: NetName=TXD_FTDI Pin=U2-17
Added Net: Name=TXD_FTDI
Added Pin To Net: NetName=U0TXD Pin=J2-7
Added Pin To Net: NetName=U0TXD Pin=R20-1
Added Net: Name=U0TXD
Added Differential Pair: Name=CON2_USB
Added Differential Pair: Name=CON_ESP_USB
Added Member To Class: ClassName=DIFF90 Member=CON2_USB
Added Member To Class: ClassName=DIFF90 Member=CON_ESP_USB
