Change Component Footprint: Designator=U3 Old Footprint=DCY0004A_M New Footprint=DCY0004A_M
Change Component Footprint: Designator=C1 Old Footprint=FP-CL10-0_1-IPC_A New Footprint=FP-CL10-0_1-IPC_A
Change Component Footprint: Designator=C2 Old Footprint=FP-CL10-0_1-IPC_A New Footprint=FP-CL10-0_1-IPC_A
Change Component Footprint: Designator=C3 Old Footprint=FP-CL10-0_1-IPC_A New Footprint=FP-CL10-0_1-IPC_A
Change Component Footprint: Designator=C4 Old Footprint=FP-CL10-0_1-IPC_A New Footprint=FP-CL10-0_1-IPC_A
Change Component Footprint: Designator=C6 Old Footprint=FP-CL10-0_1-IPC_A New Footprint=FP-CL10-0_1-IPC_A
Change Component Footprint: Designator=C7 Old Footprint=FP-CL10-0_1-IPC_A New Footprint=FP-CL10-0_1-IPC_A
Change Component Footprint: Designator=C8 Old Footprint=FP-CL10-0_1-IPC_A New Footprint=FP-CL10-0_1-IPC_A
Change Component Footprint: Designator=C9 Old Footprint=FP-CL10-0_1-IPC_A New Footprint=FP-CL10-0_1-IPC_A
Change Component Footprint: Designator=C10 Old Footprint=FP-CL10-0_1-IPC_A New Footprint=FP-CL10-0_1-IPC_A
Change Component Footprint: Designator=C11 Old Footprint=FP-CL10-0_1-IPC_A New Footprint=FP-CL10-0_1-IPC_A
Change Component Footprint: Designator=C12 Old Footprint=FP-CL10-0_1-IPC_A New Footprint=FP-CL10-0_1-IPC_A
Change Component Footprint: Designator=C13 Old Footprint=FP-CL10-0_1-IPC_A New Footprint=FP-CL10-0_1-IPC_A
Change Component Footprint: Designator=C14 Old Footprint=FP-CL10-0_1-IPC_A New Footprint=FP-CL10-0_1-IPC_A
Change Component Footprint: Designator=C15 Old Footprint=FP-CL10-0_1-IPC_A New Footprint=FP-CL10-0_1-IPC_A
Change Component Footprint: Designator=C16 Old Footprint=FP-CL10-0_1-IPC_A New Footprint=FP-CL10-0_1-IPC_A
Change Component Footprint: Designator=C17 Old Footprint=FP-CL10-0_1-IPC_A New Footprint=FP-CL10-0_1-IPC_A
Change Component Footprint: Designator=D1 Old Footprint=FP-LTST-C190GKT-MFG New Footprint=FP-LTST-C190GKT-MFG
Change Component Footprint: Designator=D2 Old Footprint=FP-LTST-C190GKT-MFG New Footprint=FP-LTST-C190GKT-MFG
Change Component Footprint: Designator=SW1 Old Footprint=FP-PTS645SH50SMTR92LFS-MFG New Footprint=FP-PTS645SH50SMTR92LFS-MFG
Change Component Footprint: Designator=SW2 Old Footprint=FP-PTS645SH50SMTR92LFS-MFG New Footprint=FP-PTS645SH50SMTR92LFS-MFG
Change Component Footprint: Designator=U2 Old Footprint=FP-QFN-20-IPC_A New Footprint=FP-QFN-20-IPC_A
Change Component Footprint: Designator=Q1 Old Footprint=FP-SS8050-G-IPC_B New Footprint=FP-SS8050-G-IPC_B
Change Component Footprint: Designator=Q2 Old Footprint=FP-SS8050-G-IPC_B New Footprint=FP-SS8050-G-IPC_B
Change Component Footprint: Designator=R1 Old Footprint=RESC1609X50X30LL8T20 New Footprint=RESC1609X50X30LL8T20
Change Component Footprint: Designator=R2 Old Footprint=RESC1609X50X30LL8T20 New Footprint=RESC1609X50X30LL8T20
Change Component Footprint: Designator=R3 Old Footprint=RESC1609X50X30LL8T20 New Footprint=RESC1609X50X30LL8T20
Change Component Footprint: Designator=R6 Old Footprint=RESC1609X50X30LL8T20 New Footprint=RESC1609X50X30LL8T20
Change Component Footprint: Designator=R7 Old Footprint=RESC1609X50X30LL8T20 New Footprint=RESC1609X50X30LL8T20
Change Component Footprint: Designator=R8 Old Footprint=RESC1609X50X30LL8T20 New Footprint=RESC1609X50X30LL8T20
Change Component Footprint: Designator=R9 Old Footprint=RESC1609X50X30LL8T20 New Footprint=RESC1609X50X30LL8T20
Change Component Footprint: Designator=R10 Old Footprint=RESC1609X50X30LL8T20 New Footprint=RESC1609X50X30LL8T20
Change Component Footprint: Designator=R11 Old Footprint=RESC1609X50X30LL8T20 New Footprint=RESC1609X50X30LL8T20
Change Component Footprint: Designator=R12 Old Footprint=RESC1609X50X30LL8T20 New Footprint=RESC1609X50X30LL8T20
Change Component Footprint: Designator=R13 Old Footprint=RESC1609X50X30LL8T20 New Footprint=RESC1609X50X30LL8T20
Change Component Footprint: Designator=R14 Old Footprint=RESC1609X50X30LL8T20 New Footprint=RESC1609X50X30LL8T20
Change Component Footprint: Designator=R15 Old Footprint=RESC1609X50X30LL8T20 New Footprint=RESC1609X50X30LL8T20
Change Component Footprint: Designator=R16 Old Footprint=RESC1609X50X30LL8T20 New Footprint=RESC1609X50X30LL8T20
Change Component Footprint: Designator=R17 Old Footprint=RESC1609X50X30LL8T20 New Footprint=RESC1609X50X30LL8T20
Change Component Footprint: Designator=R18 Old Footprint=RESC1609X50X30LL8T20 New Footprint=RESC1609X50X30LL8T20
Change Component Footprint: Designator=R19 Old Footprint=RESC1609X50X30LL8T20 New Footprint=RESC1609X50X30LL8T20
Change Component Footprint: Designator=R20 Old Footprint=RESC1609X50X30LL8T20 New Footprint=RESC1609X50X30LL8T20
Change Component Footprint: Designator=R21 Old Footprint=RESC1609X50X30LL8T20 New Footprint=RESC1609X50X30LL8T20
Change Component Footprint: Designator=R22 Old Footprint=RESC1609X50X30LL8T20 New Footprint=RESC1609X50X30LL8T20
Change Component Footprint: Designator=R23 Old Footprint=RESC1609X50X30LL8T20 New Footprint=RESC1609X50X30LL8T20
Change Component Footprint: Designator=R24 Old Footprint=RESC1609X50X30LL8T20 New Footprint=RESC1609X50X30LL8T20
Change Component Footprint: Designator=R25 Old Footprint=RESC1609X50X30LL8T20 New Footprint=RESC1609X50X30LL8T20
Change Component Footprint: Designator=R26 Old Footprint=RESC1609X50X30LL8T20 New Footprint=RESC1609X50X30LL8T20
Change Component Comment : Designator=R11 Old Comment=CRCW060310K0FKEA New Comment=5K1
Change Component Comment : Designator=R12 Old Comment=CRCW060310K0FKEA New Comment=5K1
Added Component: Designator=C5(FP-CL10-0_1-IPC_A)
Add component (AddParameter): Name = "Automotive"; Value = "No"; VariantName = "[No Variations]"
Add component (AddParameter): Name = "Capacitance"; Value = "100nF"; VariantName = "[No Variations]"
Add component (AddParameter): Name = "Category"; Value = "Cap"; VariantName = "[No Variations]"
Add component (AddParameter): Name = "ComponentLink2Description"; Value = "Datasheet"; VariantName = "[No Variations]"
Add component (AddParameter): Name = "ComponentLink2URL"; Value = "http://www.samsungsem.com/kr/support/product-search/mlcc/__icsFiles/afieldfile/2019/06/18/CL10B104JB8NNNC-19.pdf"; VariantName = "[No Variations]"
Add component (AddParameter): Name = "Device Class L1"; Value = "Passive Components"; VariantName = "[No Variations]"
Add component (AddParameter): Name = "Device Class L2"; Value = "Capacitors"; VariantName = "[No Variations]"
Add component (AddParameter): Name = "Device Class L3"; Value = "Ceramic Capacitors"; VariantName = "[No Variations]"
Add component (AddParameter): Name = "Digikey Description"; Value = "CAP CER 0.1UF 50V X7R 0603"; VariantName = "[No Variations]"
Add component (AddParameter): Name = "Height"; Value = "0.9mm"; VariantName = "[No Variations]"
Add component (AddParameter): Name = "Ipc Land Pattern Name"; Value = "CAPC16080X80"; VariantName = "[No Variations]"
Add component (AddParameter): Name = "Lead Free"; Value = "Yes"; VariantName = "[No Variations]"
Add component (AddParameter): Name = "Manufacturer"; Value = "Samsung Electro-Mechanics America, Inc"; VariantName = "[No Variations]"
Add component (AddParameter): Name = "Manufacturer Part Number"; Value = "CL10B104JB8NNNC"; VariantName = "[No Variations]"
Add component (AddParameter): Name = "Material"; Value = "Ceramic"; VariantName = "[No Variations]"
Add component (AddParameter): Name = "Octopart"; Value = "https://octopart.com/cl10b104jb8nnnc-samsung-9302151"; VariantName = "[No Variations]"
Add component (AddParameter): Name = "Package"; Value = "CL10-0.1"; VariantName = "[No Variations]"
Add component (AddParameter): Name = "RoHS"; Value = "TRUE"; VariantName = "[No Variations]"
Add component (AddParameter): Name = "Temperature"; Value = "-55°C to +125°C"; VariantName = "[No Variations]"
Add component (AddParameter): Name = "Temperature Characteristic"; Value = "X7R"; VariantName = "[No Variations]"
Add component (AddParameter): Name = "Temperature Coefficient"; Value = "15%"; VariantName = "[No Variations]"
Add component (AddParameter): Name = "Temperature Range High"; Value = "+125°C"; VariantName = "[No Variations]"
Add component (AddParameter): Name = "Temperature Range Low"; Value = "-55°C"; VariantName = "[No Variations]"
Add component (AddParameter): Name = "Tolerance"; Value = "5%"; VariantName = "[No Variations]"
Add component (AddParameter): Name = "Value"; Value = "100nF"; VariantName = "[No Variations]"
Add component (AddParameter): Name = "Voltage Rating"; Value = "50V"; VariantName = "[No Variations]"
Added Component: Designator=D6(SOD882)
Add component (AddParameter): Name = "Category"; Value = "TVS Diodes"; VariantName = "[No Variations]"
Add component (AddParameter): Name = "ComponentLink1Description"; Value = "https://www.littelfuse.com/~/media/electronics/datasheets/tvs_diode_arrays/littelfuse_tvs_diode_array_aq3045_datasheet.pdf.pdf?src-supplier=Digikey"; VariantName = "[No Variations]"
Add component (AddParameter): Name = "ComponentLink1URL"; Value = "https://www.littelfuse.com/~/media/electronics/datasheets/tvs_diode_arrays/littelfuse_tvs_diode_array_aq3045_datasheet.pdf.pdf?src-supplier=Digikey"; VariantName = "[No Variations]"
Add component (AddParameter): Name = "ComponentLink2Description"; Value = "http://www.littelfuse.com/~/media/electronics/datasheets/tvs_diode_arrays/littelfuse_tvs_diode_array_aq3045_datasheet.pdf.pdf?src-supplier=Digikey"; VariantName = "[No Variations]"
Add component (AddParameter): Name = "ComponentLink2URL"; Value = "http://www.littelfuse.com/~/media/electronics/datasheets/tvs_diode_arrays/littelfuse_tvs_diode_array_aq3045_datasheet.pdf.pdf?src-supplier=Digikey"; VariantName = "[No Variations]"
Add component (AddParameter): Name = "Diode Type"; Value = "ZENER"; VariantName = "[No Variations]"
Add component (AddParameter): Name = "Leakage Current"; Value = "100nA"; VariantName = "[No Variations]"
Add component (AddParameter): Name = "Manufacturer"; Value = "Littelfuse"; VariantName = "[No Variations]"
Add component (AddParameter): Name = "Manufacturer Part Number"; Value = "AQ3045-01ETG"; VariantName = "[No Variations]"
Add component (AddParameter): Name = "Max Operating Temperature"; Value = "150°C"; VariantName = "[No Variations]"
Add component (AddParameter): Name = "Min Breakdown Voltage"; Value = "6.8V"; VariantName = "[No Variations]"
Add component (AddParameter): Name = "Min Operating Temperature"; Value = "-55°C"; VariantName = "[No Variations]"
Add component (AddParameter): Name = "Mounting Technology"; Value = "Surface Mount"; VariantName = "[No Variations]"
Add component (AddParameter): Name = "Number of Bidirectional Channels"; Value = "1"; VariantName = "[No Variations]"
Add component (AddParameter): Name = "Number of Channels"; Value = "1NUMBER"; VariantName = "[No Variations]"
Add component (AddParameter): Name = "Operating Supply Voltage"; Value = "5.3V"; VariantName = "[No Variations]"
Add component (AddParameter): Name = "Packaging"; Value = "Cut Tape"; VariantName = "[No Variations]"
Add component (AddParameter): Name = "Peak Pulse Current"; Value = "3A"; VariantName = "[No Variations]"
Add component (AddParameter): Name = "Peak Pulse Power"; Value = "40W"; VariantName = "[No Variations]"
Add component (AddParameter): Name = "Power Line Protection"; Value = "No"; VariantName = "[No Variations]"
Add component (AddParameter): Name = "Pricing"; Value = "1=0.45, 10=0.29, 100=0.141, 500=0.134, 1000=0.131 (USD)"; VariantName = "[No Variations]"
Add component (AddParameter): Name = "Reverse Standoff Voltage"; Value = "5.3V"; VariantName = "[No Variations]"
Add component (AddParameter): Name = "RoHS"; Value = "Yes"; VariantName = "[No Variations]"
Add component (AddParameter): Name = "RoHS Compliant"; Value = "Yes"; VariantName = "[No Variations]"
Add component (AddParameter): Name = "Series"; Value = "Automotive, AEC-Q101, AQ3045, SPA®"; VariantName = "[No Variations]"
Add component (AddParameter): Name = "Stock"; Value = "7460"; VariantName = "[No Variations]"
Add component (AddParameter): Name = "Supplier"; Value = "Digikey"; VariantName = "[No Variations]"
Add component (AddParameter): Name = "Supplier Part Number"; Value = "F9321DKR-ND"; VariantName = "[No Variations]"
Added Component: Designator=D7(SOD882)
Add component (AddParameter): Name = "Category"; Value = "TVS Diodes"; VariantName = "[No Variations]"
Add component (AddParameter): Name = "ComponentLink1Description"; Value = "https://www.littelfuse.com/~/media/electronics/datasheets/tvs_diode_arrays/littelfuse_tvs_diode_array_aq3045_datasheet.pdf.pdf?src-supplier=Digikey"; VariantName = "[No Variations]"
Add component (AddParameter): Name = "ComponentLink1URL"; Value = "https://www.littelfuse.com/~/media/electronics/datasheets/tvs_diode_arrays/littelfuse_tvs_diode_array_aq3045_datasheet.pdf.pdf?src-supplier=Digikey"; VariantName = "[No Variations]"
Add component (AddParameter): Name = "ComponentLink2Description"; Value = "http://www.littelfuse.com/~/media/electronics/datasheets/tvs_diode_arrays/littelfuse_tvs_diode_array_aq3045_datasheet.pdf.pdf?src-supplier=Digikey"; VariantName = "[No Variations]"
Add component (AddParameter): Name = "ComponentLink2URL"; Value = "http://www.littelfuse.com/~/media/electronics/datasheets/tvs_diode_arrays/littelfuse_tvs_diode_array_aq3045_datasheet.pdf.pdf?src-supplier=Digikey"; VariantName = "[No Variations]"
Add component (AddParameter): Name = "Diode Type"; Value = "ZENER"; VariantName = "[No Variations]"
Add component (AddParameter): Name = "Leakage Current"; Value = "100nA"; VariantName = "[No Variations]"
Add component (AddParameter): Name = "Manufacturer"; Value = "Littelfuse"; VariantName = "[No Variations]"
Add component (AddParameter): Name = "Manufacturer Part Number"; Value = "AQ3045-01ETG"; VariantName = "[No Variations]"
Add component (AddParameter): Name = "Max Operating Temperature"; Value = "150°C"; VariantName = "[No Variations]"
Add component (AddParameter): Name = "Min Breakdown Voltage"; Value = "6.8V"; VariantName = "[No Variations]"
Add component (AddParameter): Name = "Min Operating Temperature"; Value = "-55°C"; VariantName = "[No Variations]"
Add component (AddParameter): Name = "Mounting Technology"; Value = "Surface Mount"; VariantName = "[No Variations]"
Add component (AddParameter): Name = "Number of Bidirectional Channels"; Value = "1"; VariantName = "[No Variations]"
Add component (AddParameter): Name = "Number of Channels"; Value = "1NUMBER"; VariantName = "[No Variations]"
Add component (AddParameter): Name = "Operating Supply Voltage"; Value = "5.3V"; VariantName = "[No Variations]"
Add component (AddParameter): Name = "Packaging"; Value = "Cut Tape"; VariantName = "[No Variations]"
Add component (AddParameter): Name = "Peak Pulse Current"; Value = "3A"; VariantName = "[No Variations]"
Add component (AddParameter): Name = "Peak Pulse Power"; Value = "40W"; VariantName = "[No Variations]"
Add component (AddParameter): Name = "Power Line Protection"; Value = "No"; VariantName = "[No Variations]"
Add component (AddParameter): Name = "Pricing"; Value = "1=0.45, 10=0.29, 100=0.141, 500=0.134, 1000=0.131 (USD)"; VariantName = "[No Variations]"
Add component (AddParameter): Name = "Reverse Standoff Voltage"; Value = "5.3V"; VariantName = "[No Variations]"
Add component (AddParameter): Name = "RoHS"; Value = "Yes"; VariantName = "[No Variations]"
Add component (AddParameter): Name = "RoHS Compliant"; Value = "Yes"; VariantName = "[No Variations]"
Add component (AddParameter): Name = "Series"; Value = "Automotive, AEC-Q101, AQ3045, SPA®"; VariantName = "[No Variations]"
Add component (AddParameter): Name = "Stock"; Value = "7460"; VariantName = "[No Variations]"
Add component (AddParameter): Name = "Supplier"; Value = "Digikey"; VariantName = "[No Variations]"
Add component (AddParameter): Name = "Supplier Part Number"; Value = "F9321DKR-ND"; VariantName = "[No Variations]"
Added Component: Designator=D8(SOD882)
Add component (AddParameter): Name = "Category"; Value = "TVS Diodes"; VariantName = "[No Variations]"
Add component (AddParameter): Name = "ComponentLink1Description"; Value = "https://www.littelfuse.com/~/media/electronics/datasheets/tvs_diode_arrays/littelfuse_tvs_diode_array_aq3045_datasheet.pdf.pdf?src-supplier=Digikey"; VariantName = "[No Variations]"
Add component (AddParameter): Name = "ComponentLink1URL"; Value = "https://www.littelfuse.com/~/media/electronics/datasheets/tvs_diode_arrays/littelfuse_tvs_diode_array_aq3045_datasheet.pdf.pdf?src-supplier=Digikey"; VariantName = "[No Variations]"
Add component (AddParameter): Name = "ComponentLink2Description"; Value = "http://www.littelfuse.com/~/media/electronics/datasheets/tvs_diode_arrays/littelfuse_tvs_diode_array_aq3045_datasheet.pdf.pdf?src-supplier=Digikey"; VariantName = "[No Variations]"
Add component (AddParameter): Name = "ComponentLink2URL"; Value = "http://www.littelfuse.com/~/media/electronics/datasheets/tvs_diode_arrays/littelfuse_tvs_diode_array_aq3045_datasheet.pdf.pdf?src-supplier=Digikey"; VariantName = "[No Variations]"
Add component (AddParameter): Name = "Diode Type"; Value = "ZENER"; VariantName = "[No Variations]"
Add component (AddParameter): Name = "Leakage Current"; Value = "100nA"; VariantName = "[No Variations]"
Add component (AddParameter): Name = "Manufacturer"; Value = "Littelfuse"; VariantName = "[No Variations]"
Add component (AddParameter): Name = "Manufacturer Part Number"; Value = "AQ3045-01ETG"; VariantName = "[No Variations]"
Add component (AddParameter): Name = "Max Operating Temperature"; Value = "150°C"; VariantName = "[No Variations]"
Add component (AddParameter): Name = "Min Breakdown Voltage"; Value = "6.8V"; VariantName = "[No Variations]"
Add component (AddParameter): Name = "Min Operating Temperature"; Value = "-55°C"; VariantName = "[No Variations]"
Add component (AddParameter): Name = "Mounting Technology"; Value = "Surface Mount"; VariantName = "[No Variations]"
Add component (AddParameter): Name = "Number of Bidirectional Channels"; Value = "1"; VariantName = "[No Variations]"
Add component (AddParameter): Name = "Number of Channels"; Value = "1NUMBER"; VariantName = "[No Variations]"
Add component (AddParameter): Name = "Operating Supply Voltage"; Value = "5.3V"; VariantName = "[No Variations]"
Add component (AddParameter): Name = "Packaging"; Value = "Cut Tape"; VariantName = "[No Variations]"
Add component (AddParameter): Name = "Peak Pulse Current"; Value = "3A"; VariantName = "[No Variations]"
Add component (AddParameter): Name = "Peak Pulse Power"; Value = "40W"; VariantName = "[No Variations]"
Add component (AddParameter): Name = "Power Line Protection"; Value = "No"; VariantName = "[No Variations]"
Add component (AddParameter): Name = "Pricing"; Value = "1=0.45, 10=0.29, 100=0.141, 500=0.134, 1000=0.131 (USD)"; VariantName = "[No Variations]"
Add component (AddParameter): Name = "Reverse Standoff Voltage"; Value = "5.3V"; VariantName = "[No Variations]"
Add component (AddParameter): Name = "RoHS"; Value = "Yes"; VariantName = "[No Variations]"
Add component (AddParameter): Name = "RoHS Compliant"; Value = "Yes"; VariantName = "[No Variations]"
Add component (AddParameter): Name = "Series"; Value = "Automotive, AEC-Q101, AQ3045, SPA®"; VariantName = "[No Variations]"
Add component (AddParameter): Name = "Stock"; Value = "7460"; VariantName = "[No Variations]"
Add component (AddParameter): Name = "Supplier"; Value = "Digikey"; VariantName = "[No Variations]"
Add component (AddParameter): Name = "Supplier Part Number"; Value = "F9321DKR-ND"; VariantName = "[No Variations]"
Add component: Footprint Not Found HDR_1X3_1.27MM
Added Component: Designator=R4(RESC1609X50X30LL8T20)
Add component (AddParameter): Name = "ComponentLink1Description"; Value = "Manufacturer URL"; VariantName = "[No Variations]"
Add component (AddParameter): Name = "ComponentLink1URL"; Value = "http://www.vishay.com/"; VariantName = "[No Variations]"
Add component (AddParameter): Name = "ComponentLink2Description"; Value = "Datasheet"; VariantName = "[No Variations]"
Add component (AddParameter): Name = "ComponentLink2URL"; Value = "https://datasheet.ciiva.com/11809/0900766b80d98afc-11809037.pdf"; VariantName = "[No Variations]"
Add component (AddParameter): Name = "DatasheetVersion"; Value = "06/2012"; VariantName = "[No Variations]"
Add component (AddParameter): Name = "Height"; Value = "0.45 mm"; VariantName = "[No Variations]"
Add component (AddParameter): Name = "Length"; Value = "1.55 mm"; VariantName = "[No Variations]"
Add component (AddParameter): Name = "Manufacturer"; Value = "Vishay Semiconductor"; VariantName = "[No Variations]"
Add component (AddParameter): Name = "Max Operating Temperature"; Value = "155 degC"; VariantName = "[No Variations]"
Add component (AddParameter): Name = "Min Operating Temperature"; Value = "-55 degC"; VariantName = "[No Variations]"
Add component (AddParameter): Name = "Mounting Technology"; Value = "Surface Mount"; VariantName = "[No Variations]"
Add component (AddParameter): Name = "Package Quantity"; Value = "5000"; VariantName = "[No Variations]"
Add component (AddParameter): Name = "PackageDescription"; Value = "2-Pin Surface Mount Device, Body 1.575 x 0.85 mm"; VariantName = "[No Variations]"
Add component (AddParameter): Name = "PackageReference"; Value = "0603"; VariantName = "[No Variations]"
Add component (AddParameter): Name = "Packaging"; Value = "Tape and Reel"; VariantName = "[No Variations]"
Add component (AddParameter): Name = "REACH SVHC"; Value = "Unknown"; VariantName = "[No Variations]"
Add component (AddParameter): Name = "RoHSCompliant"; Value = "true"; VariantName = "[No Variations]"
Add component (AddParameter): Name = "Voltage Rating"; Value = "75 V"; VariantName = "[No Variations]"
Added Component: Designator=R5(RESC1609X50X30LL8T20)
Add component (AddParameter): Name = "ComponentLink1Description"; Value = "Manufacturer URL"; VariantName = "[No Variations]"
Add component (AddParameter): Name = "ComponentLink1URL"; Value = "http://www.vishay.com/"; VariantName = "[No Variations]"
Add component (AddParameter): Name = "ComponentLink2Description"; Value = "Datasheet"; VariantName = "[No Variations]"
Add component (AddParameter): Name = "ComponentLink2URL"; Value = "https://datasheet.ciiva.com/11809/0900766b80d98afc-11809037.pdf"; VariantName = "[No Variations]"
Add component (AddParameter): Name = "DatasheetVersion"; Value = "06/2012"; VariantName = "[No Variations]"
Add component (AddParameter): Name = "Height"; Value = "0.45 mm"; VariantName = "[No Variations]"
Add component (AddParameter): Name = "Length"; Value = "1.55 mm"; VariantName = "[No Variations]"
Add component (AddParameter): Name = "Manufacturer"; Value = "Vishay Semiconductor"; VariantName = "[No Variations]"
Add component (AddParameter): Name = "Max Operating Temperature"; Value = "155 degC"; VariantName = "[No Variations]"
Add component (AddParameter): Name = "Min Operating Temperature"; Value = "-55 degC"; VariantName = "[No Variations]"
Add component (AddParameter): Name = "Mounting Technology"; Value = "Surface Mount"; VariantName = "[No Variations]"
Add component (AddParameter): Name = "Package Quantity"; Value = "5000"; VariantName = "[No Variations]"
Add component (AddParameter): Name = "PackageDescription"; Value = "2-Pin Surface Mount Device, Body 1.575 x 0.85 mm"; VariantName = "[No Variations]"
Add component (AddParameter): Name = "PackageReference"; Value = "0603"; VariantName = "[No Variations]"
Add component (AddParameter): Name = "Packaging"; Value = "Tape and Reel"; VariantName = "[No Variations]"
Add component (AddParameter): Name = "REACH SVHC"; Value = "Unknown"; VariantName = "[No Variations]"
Add component (AddParameter): Name = "RoHSCompliant"; Value = "true"; VariantName = "[No Variations]"
Add component (AddParameter): Name = "Voltage Rating"; Value = "75 V"; VariantName = "[No Variations]"
Added Pin To Net: NetName=+5V_VBUS1 Pin=C5-1
Added Pin To Net: NetName=CON GPIO0 Pin=C5-2
Added Pin To Net: NetName=CON GPIO0 Pin=D6-1
Added Pin To Net: NetName=+5V_VBUS1 Pin=D6-2
Added Pin To Net: NetName=CON GPIO0 Pin=D7-1
Added Pin To Net: NetName=CON1_USB-N Pin=D7-2
Added Pin To Net: NetName=CON GPIO0 Pin=D8-1
Added Pin To Net: NetName=CON1_USB-P Pin=D8-2
Add Pin To Net: Unknown Pin: Pin J1-21
Add Pin To Net: Unknown Pin: Pin J1-22
Add Pin To Net: Unknown Pin: Pin J1-23
Add Pin To Net: Unknown Pin: Pin J2-21
Add Pin To Net: Unknown Pin: Pin J2-22
Add Pin To Net: Unknown Pin: Pin J2-23
Add Pin To Net: Unknown Pin: Pin J2-24
Add Pin To Net: Unknown Pin: Pin J3-A1B12
Add Pin To Net: Unknown Pin: Pin J3-A4B9
Add Pin To Net: Unknown Pin: Pin J3-B1A12
Add Pin To Net: Unknown Pin: Pin J3-B4A9
Add Pin To Net: Unknown Pin: Pin J3-S1
Add Pin To Net: Unknown Pin: Pin J3-S2
Add Pin To Net: Unknown Pin: Pin J3-S3
Add Pin To Net: Unknown Pin: Pin J3-S4
Add Pin To Net: Unknown Pin: Pin J4-A1B12
Add Pin To Net: Unknown Pin: Pin J4-A4B9
Added Pin To Net: NetName=CON1_USB-P Pin=J4-A6
Added Pin To Net: NetName=CON1_USB-N Pin=J4-A7
Add Pin To Net: Unknown Pin: Pin J4-B1A12
Add Pin To Net: Unknown Pin: Pin J4-B4A9
Added Pin To Net: NetName=CON1_USB-P Pin=J4-B6
Added Pin To Net: NetName=CON1_USB-N Pin=J4-B7
Add Pin To Net: Unknown Pin: Pin J4-S1
Add Pin To Net: Unknown Pin: Pin J4-S2
Add Pin To Net: Unknown Pin: Pin J4-S3
Add Pin To Net: Unknown Pin: Pin J4-S4
Add Pin To Net: Unknown Pin: Pin J5-1
Add Pin To Net: Unknown Pin: Pin J5-2
Add Pin To Net: Unknown Pin: Pin J5-3
Added Pin To Net: NetName=CON GPIO0 Pin=R4-1
Added Pin To Net: NetName=CON GPIO0 Pin=R5-1
Added Pin To Net: NetName=NetJ4_A5 Pin=J4-A5
Added Pin To Net: NetName=NetJ4_A5 Pin=R5-2
Added Net: Name=NetJ4_A5
Added Pin To Net: NetName=NetJ4_B5 Pin=J4-B5
Added Pin To Net: NetName=NetJ4_B5 Pin=R4-2
Added Net: Name=NetJ4_B5
Add Differential Pair: Number of nets in differential pair CON1_ESP_USB-N is 1 instead of 2
Add Differential Pair: Number of nets in differential pair CON1_ESP_USB-P is 1 instead of 2
Add Differential Pair: Number of nets in differential pair CON1_USB-N is 1 instead of 2
Add Differential Pair: Number of nets in differential pair CON1_USB-P is 1 instead of 2
