Remove Pin=D2-1 From Net=GPIO2
Remove Pin=J1-3 From Net=CON GPIO0
Remove Pin=J1-4 From Net=GPIO1
Remove Pin=J1-5 From Net=GPIO2
Remove Pin=J1-6 From Net=GPIO3
Remove Pin=J1-7 From Net=GPIO4
Remove Pin=J1-8 From Net=GPIO5
Remove Pin=J1-9 From Net=GPIO6
Remove Pin=J1-10 From Net=GPIO7
Remove Pin=J1-11 From Net=GPIO8
Remove Pin=J1-12 From Net=GPIO9
Remove Pin=J1-13 From Net=GPIO10
Remove Pin=J1-14 From Net=GPIO11
Remove Pin=J1-15 From Net=GPIO12
Remove Pin=J1-16 From Net=GPIO13
Remove Pin=J1-17 From Net=GPIO14
Remove Pin=J1-18 From Net=GPIO15
Remove Pin=J1-19 From Net=GPIO16
Remove Pin=J1-20 From Net=GPIO17
Remove Pin=J1-21 From Net=GPIO18
Remove Pin=J2-3 From Net=CHIP PU
Remove Pin=J2-4 From Net=GPIO46
Remove Pin=J2-5 From Net=GPIO45
Remove Pin=J2-6 From Net=U0RXD
Remove Pin=J2-7 From Net=U0TXD
Remove Pin=J2-8 From Net=GPIO42
Remove Pin=J2-9 From Net=GPIO41
Remove Pin=J2-10 From Net=GPIO40
Remove Pin=J2-11 From Net=GPIO39
Remove Pin=J2-12 From Net=GPIO38
Remove Pin=J2-13 From Net=GPIO37
Remove Pin=J2-14 From Net=GPIO36
Remove Pin=J2-15 From Net=GPIO35
Remove Pin=J2-16 From Net=GPIO34
Remove Pin=J2-17 From Net=GPIO33
Remove Pin=J2-18 From Net=GPIO26
Remove Pin=J2-19 From Net=GPIO21
Remove Pin=J2-20 From Net=CON1_ESP_USB-P
Remove Pin=J2-21 From Net=CON1_ESP_USB-N
Remove Pin=J2-22 From Net=GPIO48
Remove Pin=J2-23 From Net=GPIO47
Remove Pin=Q1-3 From Net=CHIP PU
Remove Pin=Q2-3 From Net=BTN GPIO0
Remove Pin=R1-1 From Net=CON GPIO0
Remove Pin=R2-1 From Net=BTN GPIO0
Remove Pin=R20-1 From Net=U0TXD
Remove Pin=R20-2 From Net=RXD_FTDI
Remove Pin=R21-2 From Net=TXD_FTDI
Remove Pin=R23-1 From Net=CON1_USB-N
Remove Pin=R24-1 From Net=CON1_USB-P
Remove Pin=R25-1 From Net=CON1_ESP_USB-N
Remove Pin=R26-1 From Net=CON1_ESP_USB-P
Remove Pin=U1-5 From Net=GPIO1
Remove Pin=U1-6 From Net=GPIO2
Remove Pin=U1-7 From Net=GPIO3
Remove Pin=U1-8 From Net=GPIO4
Remove Pin=U1-9 From Net=GPIO5
Remove Pin=U1-10 From Net=GPIO6
Remove Pin=U1-11 From Net=GPIO7
Remove Pin=U1-12 From Net=GPIO8
Remove Pin=U1-13 From Net=GPIO9
Remove Pin=U1-14 From Net=GPIO10
Remove Pin=U1-15 From Net=GPIO11
Remove Pin=U1-16 From Net=GPIO12
Remove Pin=U1-17 From Net=GPIO13
Remove Pin=U1-18 From Net=GPIO14
Remove Pin=U1-19 From Net=GPIO15
Remove Pin=U1-20 From Net=GPIO16
Remove Pin=U1-21 From Net=GPIO17
Remove Pin=U1-22 From Net=GPIO18
Remove Pin=U1-25 From Net=GPIO21
Remove Pin=U1-26 From Net=GPIO26
Remove Pin=U1-27 From Net=GPIO47
Remove Pin=U1-28 From Net=GPIO33
Remove Pin=U1-29 From Net=GPIO34
Remove Pin=U1-30 From Net=GPIO48
Remove Pin=U1-31 From Net=GPIO35
Remove Pin=U1-32 From Net=GPIO36
Remove Pin=U1-33 From Net=GPIO37
Remove Pin=U1-34 From Net=GPIO38
Remove Pin=U1-35 From Net=GPIO39
Remove Pin=U1-36 From Net=GPIO40
Remove Pin=U1-37 From Net=GPIO41
Remove Pin=U1-38 From Net=GPIO42
Remove Pin=U1-41 From Net=GPIO45
Remove Pin=U1-44 From Net=GPIO46
Remove Pin=U1-45 From Net=CHIP PU
Remove Pin=U2-1 From Net=RXD_FTDI
Remove Pin=U2-17 From Net=TXD_FTDI
Remove Pin=U2-18 From Net=DTR_FTDI
Remove Pin=U2-19 From Net=RTS_FTDI
